<?xml version="1.0" encoding="UTF-8"?>
<!-- Generated by org.testng.reporters.JUnitReportReporter -->
<testsuite hostname="LAPTOP-0DACUFBP" name="com.qa.test.getApiTest" tests="2" failures="0" timestamp="6 Apr 2020 05:18:24 GMT" time="3.365" errors="0">
  <testcase name="gettest" time="2.558" classname="com.qa.test.getApiTest"/>
  <testcase name="gettestswithheaders" time="0.807" classname="com.qa.test.getApiTest"/>
</testsuite> <!-- com.qa.test.getApiTest -->
