<?xml version="1.0" encoding="UTF-8"?>
<!-- Generated by org.testng.reporters.JUnitReportReporter -->
<testsuite hostname="LAPTOP-0DACUFBP" name="com.qa.test.getApiTest" tests="2" failures="0" timestamp="7 Apr 2020 06:38:22 GMT" time="6.979" errors="0">
  <testcase name="gettest" time="5.572" classname="com.qa.test.getApiTest"/>
  <testcase name="gettestswithheaders" time="1.407" classname="com.qa.test.getApiTest"/>
</testsuite> <!-- com.qa.test.getApiTest -->
